<?xml version="1.0" encoding="UTF-8"?>
<!-- Generated by org.testng.reporters.JUnitXMLReporter -->
<testsuite ignored="2" hostname="DESKTOP-82NGUMC" failures="0" tests="1" name="OpenCart Tests" time="16.676" errors="0" timestamp="2022-04-04T22:25:11 IST">
  <testcase classname="testCases.TC_002_Login" name="test_Login" time="7.404"/>
  <testcase classname="testCases.TC_001_AccoutRegistration" name="test_account_Registration" time="0.0">
    <ignored/>
  </testcase> <!-- test_account_Registration -->
  <testcase classname="testCases.TC_003_LoginDDT" name="test_LoginDDT" time="0.0">
    <ignored/>
  </testcase> <!-- test_LoginDDT -->
</testsuite> <!-- OpenCart Tests -->
