<?xml version="1.0" encoding="UTF-8"?>
<testng-results ignored="0" total="2" passed="2" failed="0" skipped="0">
  <reporter-output>
  </reporter-output>
  <suite started-at="2022-04-05T23:44:41 IST" name="OpenCart Test Suite" finished-at="2022-04-05T23:45:17 IST" duration-ms="35623">
    <groups>
      <group name="regression">
        <method signature="TC_001_AccoutRegistration.test_account_Registration()[pri:0, instance:testCases.TC_001_AccoutRegistration@636be97c]" name="test_account_Registration" class="testCases.TC_001_AccoutRegistration"/>
      </group> <!-- regression -->
      <group name="sanity">
        <method signature="TC_002_Login.test_Login()[pri:0, instance:testCases.TC_002_Login@4facf68f]" name="test_Login" class="testCases.TC_002_Login"/>
      </group> <!-- sanity -->
      <group name="master">
        <method signature="TC_001_AccoutRegistration.test_account_Registration()[pri:0, instance:testCases.TC_001_AccoutRegistration@636be97c]" name="test_account_Registration" class="testCases.TC_001_AccoutRegistration"/>
        <method signature="TC_002_Login.test_Login()[pri:0, instance:testCases.TC_002_Login@4facf68f]" name="test_Login" class="testCases.TC_002_Login"/>
      </group> <!-- master -->
    </groups>
    <test started-at="2022-04-05T23:44:41 IST" name="OpenCart Tests" finished-at="2022-04-05T23:45:17 IST" duration-ms="35623">
      <class name="testCases.TC_001_AccoutRegistration">
        <test-method is-config="true" signature="setup(java.lang.String)[pri:0, instance:testCases.TC_001_AccoutRegistration@636be97c]" started-at="2022-04-05T23:44:42 IST" name="setup" finished-at="2022-04-05T23:44:52 IST" duration-ms="9942" status="PASS">
          <params>
            <param index="0">
              <value>
                <![CDATA[chrome]]>
              </value>
            </param>
          </params>
          <reporter-output>
          </reporter-output>
        </test-method> <!-- setup -->
        <test-method signature="test_account_Registration()[pri:0, instance:testCases.TC_001_AccoutRegistration@636be97c]" started-at="2022-04-05T23:44:52 IST" name="test_account_Registration" finished-at="2022-04-05T23:45:00 IST" duration-ms="7692" status="PASS">
          <reporter-output>
          </reporter-output>
        </test-method> <!-- test_account_Registration -->
        <test-method is-config="true" signature="tearDown()[pri:0, instance:testCases.TC_001_AccoutRegistration@636be97c]" started-at="2022-04-05T23:45:00 IST" name="tearDown" finished-at="2022-04-05T23:45:00 IST" duration-ms="750" status="PASS">
          <reporter-output>
          </reporter-output>
        </test-method> <!-- tearDown -->
      </class> <!-- testCases.TC_001_AccoutRegistration -->
      <class name="testCases.TC_002_Login">
        <test-method is-config="true" signature="setup(java.lang.String)[pri:0, instance:testCases.TC_002_Login@4facf68f]" started-at="2022-04-05T23:45:00 IST" name="setup" finished-at="2022-04-05T23:45:05 IST" duration-ms="4517" status="PASS">
          <params>
            <param index="0">
              <value>
                <![CDATA[chrome]]>
              </value>
            </param>
          </params>
          <reporter-output>
          </reporter-output>
        </test-method> <!-- setup -->
        <test-method signature="test_Login()[pri:0, instance:testCases.TC_002_Login@4facf68f]" started-at="2022-04-05T23:45:05 IST" name="test_Login" finished-at="2022-04-05T23:45:16 IST" duration-ms="11499" status="PASS">
          <reporter-output>
          </reporter-output>
        </test-method> <!-- test_Login -->
        <test-method is-config="true" signature="tearDown()[pri:0, instance:testCases.TC_002_Login@4facf68f]" started-at="2022-04-05T23:45:16 IST" name="tearDown" finished-at="2022-04-05T23:45:17 IST" duration-ms="771" status="PASS">
          <reporter-output>
          </reporter-output>
        </test-method> <!-- tearDown -->
      </class> <!-- testCases.TC_002_Login -->
    </test> <!-- OpenCart Tests -->
  </suite> <!-- OpenCart Test Suite -->
</testng-results>
